<?xml version="1.0" encoding="UTF-8"?>
<!-- Generated by org.testng.reporters.JUnitReportReporter -->
<testsuite skipped="0" hostname="LAPTOP-B3EJBA39" name="utils.ExcelDataProvider" tests="3" failures="0" timestamp="20 Apr 2021 13:38:45 GMT" time="0.021" errors="0">
  <testcase name="test1" time="0.018" classname="utils.ExcelDataProvider"/>
  <testcase name="test1" time="0.001" classname="utils.ExcelDataProvider"/>
  <testcase name="test1" time="0.002" classname="utils.ExcelDataProvider"/>
</testsuite> <!-- utils.ExcelDataProvider -->
